<?xml version="1.0" encoding="UTF-8"?>
<!-- Generated by org.testng.reporters.JUnitXMLReporter -->
<testsuite hostname="DESKTOP-5SIDRBI" ignored="0" name="Surefire test" tests="2" failures="0" timestamp="2022-06-03T16:02:03 WAT" time="73.714" errors="0">
  <testcase name="runScenario" time="24.085" classname="io.cucumber.testng.AbstractTestNGCucumberTests"/>
  <testcase name="runScenario" time="28.595" classname="io.cucumber.testng.AbstractTestNGCucumberTests"/>
</testsuite> <!-- Surefire test -->
