-------------------------------------------------------------------------------
Test set: runners.TestRunner
-------------------------------------------------------------------------------
Tests run: 5, Failures: 5, Errors: 0, Skipped: 0, Time elapsed: 126.638 s <<< FAILURE! - in runners.TestRunner
runners.TestRunner.runScenario["Find a product with search bar", "Optional[Found Products]"](1)  Time elapsed: 51.465 s  <<< FAILURE!
org.openqa.selenium.NoSuchElementException: Can't locate an element by this strategy: By.chained({By.id: com.pictime.nocibe:id/searchEditText})
Caused by: org.openqa.selenium.TimeoutException: Expected condition failed: waiting for io.appium.java_client.pagefactory.AppiumElementLocator$WaitingFunction@22a0d4ea (tried for 1 second(s) with 500 milliseconds interval)
Caused by: org.openqa.selenium.NoSuchElementException: 
Cannot locate an element using By.chained({By.id: com.pictime.nocibe:id/searchEditText})
For documentation on this error, please visit: https://www.seleniumhq.org/exceptions/no_such_element.html
Build info: version: '3.141.59', revision: 'e82be7d358', time: '2018-11-14T08:17:03'
System info: host: 'DESKTOP-5SIDRBI', ip: '192.168.56.1', os.name: 'Windows 10', os.arch: 'amd64', os.version: '10.0', java.version: '1.8.0_261'
Driver info: driver.version: AndroidDriver

runners.TestRunner.runScenario["Suggestions when entering a product", "Optional[Found Products]"](2)  Time elapsed: 13.006 s  <<< FAILURE!
org.openqa.selenium.NoSuchElementException: Can't locate an element by this strategy: By.chained({By.id: com.pictime.nocibe:id/searchEditText})
Caused by: org.openqa.selenium.TimeoutException: Expected condition failed: waiting for io.appium.java_client.pagefactory.AppiumElementLocator$WaitingFunction@6a1d3225 (tried for 1 second(s) with 500 milliseconds interval)
Caused by: org.openqa.selenium.NoSuchElementException: 
Cannot locate an element using By.chained({By.id: com.pictime.nocibe:id/searchEditText})
For documentation on this error, please visit: https://www.seleniumhq.org/exceptions/no_such_element.html
Build info: version: '3.141.59', revision: 'e82be7d358', time: '2018-11-14T08:17:03'
System info: host: 'DESKTOP-5SIDRBI', ip: '192.168.56.1', os.name: 'Windows 10', os.arch: 'amd64', os.version: '10.0', java.version: '1.8.0_261'
Driver info: driver.version: AndroidDriver

runners.TestRunner.runScenario["Not find product", "Optional[Found Products]"](3)  Time elapsed: 14.446 s  <<< FAILURE!
org.openqa.selenium.NoSuchElementException: Can't locate an element by this strategy: By.chained({By.id: com.pictime.nocibe:id/searchEditText})
Caused by: org.openqa.selenium.TimeoutException: Expected condition failed: waiting for io.appium.java_client.pagefactory.AppiumElementLocator$WaitingFunction@47d023b7 (tried for 1 second(s) with 500 milliseconds interval)
Caused by: org.openqa.selenium.NoSuchElementException: 
Cannot locate an element using By.chained({By.id: com.pictime.nocibe:id/searchEditText})
For documentation on this error, please visit: https://www.seleniumhq.org/exceptions/no_such_element.html
Build info: version: '3.141.59', revision: 'e82be7d358', time: '2018-11-14T08:17:03'
System info: host: 'DESKTOP-5SIDRBI', ip: '192.168.56.1', os.name: 'Windows 10', os.arch: 'amd64', os.version: '10.0', java.version: '1.8.0_261'
Driver info: driver.version: AndroidDriver

runners.TestRunner.runScenario["Find a product with homepage category", "Optional[Found Products]"](4)  Time elapsed: 10.653 s  <<< FAILURE!
org.openqa.selenium.NoSuchElementException: 
An element could not be located on the page using the given search parameters.
For documentation on this error, please visit: https://www.seleniumhq.org/exceptions/no_such_element.html
Build info: version: '3.141.59', revision: 'e82be7d358', time: '2018-11-14T08:17:03'
System info: host: 'DESKTOP-5SIDRBI', ip: '192.168.56.1', os.name: 'Windows 10', os.arch: 'amd64', os.version: '10.0', java.version: '1.8.0_261'
Driver info: io.appium.java_client.android.AndroidDriver
Capabilities {app: apks\App_nocibe.apk, appPackage: com.pictime.nocibe, databaseEnabled: false, desired: {app: apks\App_nocibe.apk, deviceName: emulator-5554, newCommandTimeout: 5, platformName: android, platformVersion: 9.0}, deviceApiLevel: 28, deviceManufacturer: Google, deviceModel: AOSP on IA Emulator, deviceName: emulator-5554, deviceScreenDensity: 420, deviceScreenSize: 1080x1920, deviceUDID: emulator-5554, javascriptEnabled: true, locationContextEnabled: false, networkConnectionEnabled: true, newCommandTimeout: 5, pixelRatio: 2.625, platform: LINUX, platformName: Android, platformVersion: 9, statBarHeight: 63, takesScreenshot: true, viewportRect: {height: 1731, left: 0, top: 63, width: 1080}, warnings: {}, webStorageEnabled: false}
Session ID: b4260aac-edaa-449d-b319-8cefeba83560
*** Element info: {Using=-android uiautomator, value=new UiScrollable(new UiSelector().scrollable(true).index(0)).scrollIntoView(new UiSelector().text("Parfum"))}

runners.TestRunner.runScenario["Subcategory occurence from product category", "Optional[Found Products]"](5)  Time elapsed: 13.746 s  <<< FAILURE!
org.openqa.selenium.NoSuchElementException: Can't locate an element by this strategy: By.chained({By.id: com.pictime.nocibe:id/catalog_navigation})
Caused by: org.openqa.selenium.TimeoutException: Expected condition failed: waiting for io.appium.java_client.pagefactory.AppiumElementLocator$WaitingFunction@3ce443f9 (tried for 1 second(s) with 500 milliseconds interval)
Caused by: org.openqa.selenium.NoSuchElementException: 
Cannot locate an element using By.chained({By.id: com.pictime.nocibe:id/catalog_navigation})
For documentation on this error, please visit: https://www.seleniumhq.org/exceptions/no_such_element.html
Build info: version: '3.141.59', revision: 'e82be7d358', time: '2018-11-14T08:17:03'
System info: host: 'DESKTOP-5SIDRBI', ip: '192.168.56.1', os.name: 'Windows 10', os.arch: 'amd64', os.version: '10.0', java.version: '1.8.0_261'
Driver info: driver.version: AndroidDriver

