<?xml version="1.0" encoding="UTF-8"?>
<testsuite xmlns:xsi="http://www.w3.org/2001/XMLSchema-instance" xsi:noNamespaceSchemaLocation="https://maven.apache.org/surefire/maven-surefire-plugin/xsd/surefire-test-report-3.0.xsd" version="3.0" name="runners.TestRunner" time="25.168" tests="6" errors="0" skipped="5" failures="1">
  <properties>
[...]
</properties>
  <testcase name="beforeTest[null](0)" classname="runners.TestRunner" time="24.961">
    <failure message="Unable to create a new remote session. Please check the server log for more details. Original error: An unknown server-side error occurred while processing the command. Original error: Could not find a connected Android device in 20216ms.&#10;Build info: version: &apos;3.141.59&apos;, revision: &apos;e82be7d358&apos;, time: &apos;2018-11-14T08:17:03&apos;&#10;System info: host: &apos;LAPTOP-K00E7GV0&apos;, ip: &apos;192.168.100.10&apos;, os.name: &apos;Windows 10&apos;, os.arch: &apos;amd64&apos;, os.version: &apos;10.0&apos;, java.version: &apos;1.8.0_281&apos;&#10;Driver info: driver.version: MobileDriver&#10;remote stacktrace: UnknownError: An unknown server-side error occurred while processing the command. Original error: Could not find a connected Android device in 20216ms.&#10;    at getResponseForW3CError (C:\Users\Pawk70\AppData\Roaming\npm\node_modules\appium\node_modules\appium-base-driver\lib\protocol\errors.js:804:9)&#10;    at asyncHandler (C:\Users\Pawk70\AppData\Roaming\npm\node_modules\appium\node_modules\appium-base-driver\lib\protocol\protocol.js:380:37)&#10;Build info: version: &apos;3.141.59&apos;, revision: &apos;e82be7d358&apos;, time: &apos;2018-11-14T08:17:03&apos;&#10;System info: host: &apos;LAPTOP-K00E7GV0&apos;, ip: &apos;192.168.100.10&apos;, os.name: &apos;Windows 10&apos;, os.arch: &apos;amd64&apos;, os.version: &apos;10.0&apos;, java.version: &apos;1.8.0_281&apos;&#10;Driver info: driver.version: MobileDriver" type="org.openqa.selenium.SessionNotCreatedException"><![CDATA[org.openqa.selenium.SessionNotCreatedException: 
Unable to create a new remote session. Please check the server log for more details. Original error: An unknown server-side error occurred while processing the command. Original error: Could not find a connected Android device in 20216ms.
Build info: version: '3.141.59', revision: 'e82be7d358', time: '2018-11-14T08:17:03'
System info: host: 'LAPTOP-K00E7GV0', ip: '192.168.100.10', os.name: 'Windows 10', os.arch: 'amd64', os.version: '10.0', java.version: '1.8.0_281'
Driver info: driver.version: MobileDriver
remote stacktrace: UnknownError: An unknown server-side error occurred while processing the command. Original error: Could not find a connected Android device in 20216ms.
    at getResponseForW3CError (C:\Users\Pawk70\AppData\Roaming\npm\node_modules\appium\node_modules\appium-base-driver\lib\protocol\errors.js:804:9)
    at asyncHandler (C:\Users\Pawk70\AppData\Roaming\npm\node_modules\appium\node_modules\appium-base-driver\lib\protocol\protocol.js:380:37)
Build info: version: '3.141.59', revision: 'e82be7d358', time: '2018-11-14T08:17:03'
System info: host: 'LAPTOP-K00E7GV0', ip: '192.168.100.10', os.name: 'Windows 10', os.arch: 'amd64', os.version: '10.0', java.version: '1.8.0_281'
Driver info: driver.version: MobileDriver
Caused by: java.lang.reflect.InvocationTargetException
Caused by: org.openqa.selenium.WebDriverException: 
An unknown server-side error occurred while processing the command. Original error: Could not find a connected Android device in 20216ms.
Build info: version: '3.141.59', revision: 'e82be7d358', time: '2018-11-14T08:17:03'
System info: host: 'LAPTOP-K00E7GV0', ip: '192.168.100.10', os.name: 'Windows 10', os.arch: 'amd64', os.version: '10.0', java.version: '1.8.0_281'
Driver info: driver.version: MobileDriver
remote stacktrace: UnknownError: An unknown server-side error occurred while processing the command. Original error: Could not find a connected Android device in 20216ms.
    at getResponseForW3CError (C:\Users\Pawk70\AppData\Roaming\npm\node_modules\appium\node_modules\appium-base-driver\lib\protocol\errors.js:804:9)
    at asyncHandler (C:\Users\Pawk70\AppData\Roaming\npm\node_modules\appium\node_modules\appium-base-driver\lib\protocol\protocol.js:380:37)
]]></failure>
    <system-out><![CDATA[appvalue is missing in config.properties
&amp#27;[35m[Appium]&amp#27;[39m Welcome to Appium v1.22.3
&amp#27;[35m[Appium]&amp#27;[39m Non-default server args:
&amp#27;[35m[Appium]&amp#27;[39m   sessionOverride: true
&amp#27;[35m[Appium]&amp#27;[39m   loglevel: info
&amp#27;[35m[Appium]&amp#27;[39m   relaxedSecurityEnabled: true
&amp#27;[35m[Appium]&amp#27;[39m Appium REST http interface listener started on 0.0.0.0:4723
&amp#27;[35m[HTTP]&amp#27;[39m &amp#27;[37m-->&amp#27;[39m &amp#27;[37mGET&amp#27;[39m &amp#27;[37m/wd/hub/status&amp#27;[39m
&amp#27;[35m[HTTP]&amp#27;[39m &amp#27;[90m{}&amp#27;[39m
&amp#27;[35m[HTTP]&amp#27;[39m &amp#27;[37m<-- GET /wd/hub/status &amp#27;[39m&amp#27;[32m200&amp#27;[39m &amp#27;[90m5 ms - 68&amp#27;[39m
&amp#27;[35m[HTTP]&amp#27;[39m &amp#27;[90m&amp#27;[39m
[INFO ] 2022-06-08 13:40:22.588 [main] server.AppiumServer - ===============================================
[INFO ] 2022-06-08 13:40:22.591 [main] server.AppiumServer - - - - - - -  Starting Appium Server - - - - - -
[INFO ] 2022-06-08 13:40:22.591 [main] server.AppiumServer - ===============================================
&amp#27;[35m[HTTP]&amp#27;[39m &amp#27;[37m-->&amp#27;[39m &amp#27;[37mPOST&amp#27;[39m &amp#27;[37m/wd/hub/session&amp#27;[39m
&amp#27;[35m[HTTP]&amp#27;[39m &amp#27;[90m{"desiredCapabilities":{"appActivity":"com.kikuu.t.SplashT","appPackage":"com.kikuu","newCommandTimeout":5,"platformVersion":"9","platformName":"Android","deviceName":"emulator-5554"},"capabilities":{"firstMatch":[{"appium:appActivity":"com.kikuu.t.SplashT","appium:appPackage":"com.kikuu","appium:deviceName":"emulator-5554","appium:newCommandTimeout":5,"platformName":"android","appium:platformVersion":"9"}]}}&amp#27;[39m
&amp#27;[35m[Appium]&amp#27;[39m 
&amp#27;[35m[Appium]&amp#27;[39m ======================================================================
&amp#27;[35m[Appium]&amp#27;[39m   DEPRECATION WARNING:
&amp#27;[35m[Appium]&amp#27;[39m 
&amp#27;[35m[Appium]&amp#27;[39m   The 'automationName' capability was not provided in the desired 
&amp#27;[35m[Appium]&amp#27;[39m   capabilities for this Android session
&amp#27;[35m[Appium]&amp#27;[39m 
&amp#27;[35m[Appium]&amp#27;[39m   Setting 'automationName=UiAutomator2' by default and using the 
&amp#27;[35m[Appium]&amp#27;[39m   UiAutomator2 Driver
&amp#27;[35m[Appium]&amp#27;[39m 
&amp#27;[35m[Appium]&amp#27;[39m   The next major version of Appium (2.x) will **require** the 
&amp#27;[35m[Appium]&amp#27;[39m   'automationName' capability to be set for all sessions on all 
&amp#27;[35m[Appium]&amp#27;[39m   platforms
&amp#27;[35m[Appium]&amp#27;[39m 
&amp#27;[35m[Appium]&amp#27;[39m   In previous versions (Appium <= 1.13.x), the default was 
&amp#27;[35m[Appium]&amp#27;[39m   'automationName=UiAutomator1'
&amp#27;[35m[Appium]&amp#27;[39m 
&amp#27;[35m[Appium]&amp#27;[39m   If you wish to use that automation instead of UiAutomator2, please 
&amp#27;[35m[Appium]&amp#27;[39m   add 'automationName=UiAutomator1' to your desired capabilities
&amp#27;[35m[Appium]&amp#27;[39m 
&amp#27;[35m[Appium]&amp#27;[39m   For more information about drivers, please visit 
&amp#27;[35m[Appium]&amp#27;[39m   http://appium.io/docs/en/about-appium/intro/ and explore the 
&amp#27;[35m[Appium]&amp#27;[39m   'Drivers' menu
&amp#27;[35m[Appium]&amp#27;[39m 
&amp#27;[35m[Appium]&amp#27;[39m ======================================================================
&amp#27;[35m[Appium]&amp#27;[39m 
&amp#27;[35m[Appium]&amp#27;[39m Appium v1.22.3 creating new AndroidUiautomator2Driver (v1.70.1) session
&amp#27;[35m[Appium]&amp#27;[39m Applying relaxed security to 'AndroidUiautomator2Driver' as per server command line argument. All insecure features will be enabled unless explicitly disabled by --deny-insecure
&amp#27;[35m[BaseDriver]&amp#27;[39m Session created with session id: a9b469b3-2fbe-44f0-ac9d-944d5618ed2b
&amp#27;[35m[UiAutomator2]&amp#27;[39m Starting 'com.kikuu' directly on the device
&amp#27;[35m[ADB]&amp#27;[39m Found 2 'build-tools' folders under 'C:\Users\Pawk70\AppData\Local\Android\Sdk' (newest first):
&amp#27;[35m[ADB]&amp#27;[39m     C:/Users/Pawk70/AppData/Local/Android/Sdk/build-tools/32.0.0-rc1
&amp#27;[35m[ADB]&amp#27;[39m     C:/Users/Pawk70/AppData/Local/Android/Sdk/build-tools/31.0.0
&amp#27;[35m[ADB]&amp#27;[39m Using 'adb.exe' from 'C:\Users\Pawk70\AppData\Local\Android\Sdk\platform-tools\adb.exe'
&amp#27;[35m[AndroidDriver]&amp#27;[39m Retrieving device list
&amp#27;[35m[HTTP]&amp#27;[39m &amp#27;[37m-->&amp#27;[39m &amp#27;[37mGET&amp#27;[39m &amp#27;[37m/wd/hub/session/d7de1097-01af-497e-8840-aab8d50b9250/timeouts&amp#27;[39m
&amp#27;[35m[HTTP]&amp#27;[39m &amp#27;[90m{}&amp#27;[39m
&amp#27;[35m[HTTP]&amp#27;[39m &amp#27;[37m<-- GET /wd/hub/session/d7de1097-01af-497e-8840-aab8d50b9250/timeouts &amp#27;[39m&amp#27;[33m404&amp#27;[39m &amp#27;[90m17 ms - 2474&amp#27;[39m
&amp#27;[35m[HTTP]&amp#27;[39m &amp#27;[90m&amp#27;[39m
&amp#27;[35m[HTTP]&amp#27;[39m &amp#27;[37m<-- POST /wd/hub/session &amp#27;[39m&amp#27;[31m500&amp#27;[39m &amp#27;[90m20589 ms - 669&amp#27;[39m
&amp#27;[35m[HTTP]&amp#27;[39m &amp#27;[90m&amp#27;[39m
]]></system-out>
    <system-err><![CDATA[SLF4J: Failed to load class "org.slf4j.impl.StaticLoggerBinder".
SLF4J: Defaulting to no-operation (NOP) logger implementation
SLF4J: See http://www.slf4j.org/codes.html#StaticLoggerBinder for further details.
]]></system-err>
  </testcase>
  <testcase name="runScenario[&quot;Find a product with search bar&quot;, &quot;Optional[Found Products]&quot;](1)" classname="runners.TestRunner" time="0">
    <skipped message="Unable to create a new remote session. Please check the server log for more details. Original error: An unknown server-side error occurred while processing the command. Original error: Could not find a connected Android device in 20216ms.&#10;Build info: version: &apos;3.141.59&apos;, revision: &apos;e82be7d358&apos;, time: &apos;2018-11-14T08:17:03&apos;&#10;System info: host: &apos;LAPTOP-K00E7GV0&apos;, ip: &apos;192.168.100.10&apos;, os.name: &apos;Windows 10&apos;, os.arch: &apos;amd64&apos;, os.version: &apos;10.0&apos;, java.version: &apos;1.8.0_281&apos;&#10;Driver info: driver.version: MobileDriver&#10;remote stacktrace: UnknownError: An unknown server-side error occurred while processing the command. Original error: Could not find a connected Android device in 20216ms.&#10;    at getResponseForW3CError (C:\Users\Pawk70\AppData\Roaming\npm\node_modules\appium\node_modules\appium-base-driver\lib\protocol\errors.js:804:9)&#10;    at asyncHandler (C:\Users\Pawk70\AppData\Roaming\npm\node_modules\appium\node_modules\appium-base-driver\lib\protocol\protocol.js:380:37)&#10;Build info: version: &apos;3.141.59&apos;, revision: &apos;e82be7d358&apos;, time: &apos;2018-11-14T08:17:03&apos;&#10;System info: host: &apos;LAPTOP-K00E7GV0&apos;, ip: &apos;192.168.100.10&apos;, os.name: &apos;Windows 10&apos;, os.arch: &apos;amd64&apos;, os.version: &apos;10.0&apos;, java.version: &apos;1.8.0_281&apos;&#10;Driver info: driver.version: MobileDriver"/>
  </testcase>
  <testcase name="runScenario[&quot;Suggestions when entering a product&quot;, &quot;Optional[Found Products]&quot;](2)" classname="runners.TestRunner" time="0">
    <skipped message="Unable to create a new remote session. Please check the server log for more details. Original error: An unknown server-side error occurred while processing the command. Original error: Could not find a connected Android device in 20216ms.&#10;Build info: version: &apos;3.141.59&apos;, revision: &apos;e82be7d358&apos;, time: &apos;2018-11-14T08:17:03&apos;&#10;System info: host: &apos;LAPTOP-K00E7GV0&apos;, ip: &apos;192.168.100.10&apos;, os.name: &apos;Windows 10&apos;, os.arch: &apos;amd64&apos;, os.version: &apos;10.0&apos;, java.version: &apos;1.8.0_281&apos;&#10;Driver info: driver.version: MobileDriver&#10;remote stacktrace: UnknownError: An unknown server-side error occurred while processing the command. Original error: Could not find a connected Android device in 20216ms.&#10;    at getResponseForW3CError (C:\Users\Pawk70\AppData\Roaming\npm\node_modules\appium\node_modules\appium-base-driver\lib\protocol\errors.js:804:9)&#10;    at asyncHandler (C:\Users\Pawk70\AppData\Roaming\npm\node_modules\appium\node_modules\appium-base-driver\lib\protocol\protocol.js:380:37)&#10;Build info: version: &apos;3.141.59&apos;, revision: &apos;e82be7d358&apos;, time: &apos;2018-11-14T08:17:03&apos;&#10;System info: host: &apos;LAPTOP-K00E7GV0&apos;, ip: &apos;192.168.100.10&apos;, os.name: &apos;Windows 10&apos;, os.arch: &apos;amd64&apos;, os.version: &apos;10.0&apos;, java.version: &apos;1.8.0_281&apos;&#10;Driver info: driver.version: MobileDriver"/>
  </testcase>
  <testcase name="runScenario[&quot;Not find product&quot;, &quot;Optional[Found Products]&quot;](3)" classname="runners.TestRunner" time="0">
    <skipped message="Unable to create a new remote session. Please check the server log for more details. Original error: An unknown server-side error occurred while processing the command. Original error: Could not find a connected Android device in 20216ms.&#10;Build info: version: &apos;3.141.59&apos;, revision: &apos;e82be7d358&apos;, time: &apos;2018-11-14T08:17:03&apos;&#10;System info: host: &apos;LAPTOP-K00E7GV0&apos;, ip: &apos;192.168.100.10&apos;, os.name: &apos;Windows 10&apos;, os.arch: &apos;amd64&apos;, os.version: &apos;10.0&apos;, java.version: &apos;1.8.0_281&apos;&#10;Driver info: driver.version: MobileDriver&#10;remote stacktrace: UnknownError: An unknown server-side error occurred while processing the command. Original error: Could not find a connected Android device in 20216ms.&#10;    at getResponseForW3CError (C:\Users\Pawk70\AppData\Roaming\npm\node_modules\appium\node_modules\appium-base-driver\lib\protocol\errors.js:804:9)&#10;    at asyncHandler (C:\Users\Pawk70\AppData\Roaming\npm\node_modules\appium\node_modules\appium-base-driver\lib\protocol\protocol.js:380:37)&#10;Build info: version: &apos;3.141.59&apos;, revision: &apos;e82be7d358&apos;, time: &apos;2018-11-14T08:17:03&apos;&#10;System info: host: &apos;LAPTOP-K00E7GV0&apos;, ip: &apos;192.168.100.10&apos;, os.name: &apos;Windows 10&apos;, os.arch: &apos;amd64&apos;, os.version: &apos;10.0&apos;, java.version: &apos;1.8.0_281&apos;&#10;Driver info: driver.version: MobileDriver"/>
  </testcase>
  <testcase name="runScenario[&quot;Login as subscribed user&quot;, &quot;Optional[Login]&quot;](4)" classname="runners.TestRunner" time="0">
    <skipped message="Unable to create a new remote session. Please check the server log for more details. Original error: An unknown server-side error occurred while processing the command. Original error: Could not find a connected Android device in 20216ms.&#10;Build info: version: &apos;3.141.59&apos;, revision: &apos;e82be7d358&apos;, time: &apos;2018-11-14T08:17:03&apos;&#10;System info: host: &apos;LAPTOP-K00E7GV0&apos;, ip: &apos;192.168.100.10&apos;, os.name: &apos;Windows 10&apos;, os.arch: &apos;amd64&apos;, os.version: &apos;10.0&apos;, java.version: &apos;1.8.0_281&apos;&#10;Driver info: driver.version: MobileDriver&#10;remote stacktrace: UnknownError: An unknown server-side error occurred while processing the command. Original error: Could not find a connected Android device in 20216ms.&#10;    at getResponseForW3CError (C:\Users\Pawk70\AppData\Roaming\npm\node_modules\appium\node_modules\appium-base-driver\lib\protocol\errors.js:804:9)&#10;    at asyncHandler (C:\Users\Pawk70\AppData\Roaming\npm\node_modules\appium\node_modules\appium-base-driver\lib\protocol\protocol.js:380:37)&#10;Build info: version: &apos;3.141.59&apos;, revision: &apos;e82be7d358&apos;, time: &apos;2018-11-14T08:17:03&apos;&#10;System info: host: &apos;LAPTOP-K00E7GV0&apos;, ip: &apos;192.168.100.10&apos;, os.name: &apos;Windows 10&apos;, os.arch: &apos;amd64&apos;, os.version: &apos;10.0&apos;, java.version: &apos;1.8.0_281&apos;&#10;Driver info: driver.version: MobileDriver"/>
  </testcase>
  <testcase name="tearDown" classname="runners.TestRunner" time="0">
    <skipped/>
  </testcase>
</testsuite>