<?xml version="1.0" encoding="UTF-8"?>
<testng-results skipped="0" failed="0" ignored="0" total="2" passed="2">
  <reporter-output>
  </reporter-output>
  <suite name="Surefire suite" duration-ms="73714" started-at="2022-06-03T16:00:49 WAT" finished-at="2022-06-03T16:02:03 WAT">
    <groups>
      <group name="cucumber">
        <method signature="AbstractTestNGCucumberTests.runScenario(io.cucumber.testng.PickleWrapper,io.cucumber.testng.FeatureWrapper)[pri:0, instance:runners.TestRunner@30a3107a]" name="runScenario" class="io.cucumber.testng.AbstractTestNGCucumberTests"/>
      </group> <!-- cucumber -->
    </groups>
    <test name="Surefire test" duration-ms="73714" started-at="2022-06-03T16:00:49 WAT" finished-at="2022-06-03T16:02:03 WAT">
      <class name="runners.TestRunner">
        <test-method status="PASS" signature="setUpClass(org.testng.ITestContext)[pri:0, instance:runners.TestRunner@30a3107a]" name="setUpClass" is-config="true" duration-ms="885" started-at="2022-06-03T16:00:49 WAT" finished-at="2022-06-03T16:00:50 WAT">
          <params>
            <param index="0">
              <value>
                <![CDATA[org.testng.TestRunner@59a79443]]>
              </value>
            </param>
          </params>
          <reporter-output>
          </reporter-output>
        </test-method> <!-- setUpClass -->
        <test-method status="PASS" signature="beforeTest(java.lang.String)[pri:0, instance:runners.TestRunner@30a3107a]" name="beforeTest" is-config="true" duration-ms="19009" started-at="2022-06-03T16:00:50 WAT" finished-at="2022-06-03T16:01:09 WAT">
          <params>
            <param index="0">
              <value is-null="true"/>
            </param>
          </params>
          <reporter-output>
          </reporter-output>
        </test-method> <!-- beforeTest -->
        <test-method status="PASS" signature="runScenario(io.cucumber.testng.PickleWrapper,io.cucumber.testng.FeatureWrapper)[pri:0, instance:runners.TestRunner@30a3107a]" name="runScenario" duration-ms="24085" started-at="2022-06-03T16:01:09 WAT" description="Runs Cucumber Scenarios" data-provider="scenarios" finished-at="2022-06-03T16:01:33 WAT">
          <params>
            <param index="0">
              <value>
                <![CDATA["Find a product with search bar"]]>
              </value>
            </param>
            <param index="1">
              <value>
                <![CDATA["Optional[Found Products]"]]>
              </value>
            </param>
          </params>
          <reporter-output>
          </reporter-output>
        </test-method> <!-- runScenario -->
        <test-method status="PASS" signature="runScenario(io.cucumber.testng.PickleWrapper,io.cucumber.testng.FeatureWrapper)[pri:0, instance:runners.TestRunner@30a3107a]" name="runScenario" duration-ms="28595" started-at="2022-06-03T16:01:33 WAT" description="Runs Cucumber Scenarios" data-provider="scenarios" finished-at="2022-06-03T16:02:02 WAT">
          <params>
            <param index="0">
              <value>
                <![CDATA["Login as subscribed user"]]>
              </value>
            </param>
            <param index="1">
              <value>
                <![CDATA["Optional[Login]"]]>
              </value>
            </param>
          </params>
          <reporter-output>
          </reporter-output>
        </test-method> <!-- runScenario -->
        <test-method status="PASS" signature="tearDown()[pri:0, instance:runners.TestRunner@30a3107a]" name="tearDown" is-config="true" duration-ms="464" started-at="2022-06-03T16:02:02 WAT" finished-at="2022-06-03T16:02:02 WAT">
          <reporter-output>
          </reporter-output>
        </test-method> <!-- tearDown -->
        <test-method status="PASS" signature="tearDownClass()[pri:0, instance:runners.TestRunner@30a3107a]" name="tearDownClass" is-config="true" duration-ms="600" started-at="2022-06-03T16:02:02 WAT" finished-at="2022-06-03T16:02:03 WAT">
          <reporter-output>
          </reporter-output>
        </test-method> <!-- tearDownClass -->
      </class> <!-- runners.TestRunner -->
    </test> <!-- Surefire test -->
  </suite> <!-- Surefire suite -->
</testng-results>
